[08:52:59] [ServerMain/INFO]: Environment: authHost='https://authserver.mojang.com', accountsHost='https://api.mojang.com', sessionHost='https://sessionserver.mojang.com', servicesHost='https://api.minecraftservices.com', name='PROD'
[08:52:59] [ServerMain/INFO]: Found new data pack file/bukkit, loading it automatically
[08:53:01] [ServerMain/INFO]: Loaded 7 recipes
[08:53:01] [Server thread/INFO]: Starting minecraft server version 1.20.1
[08:53:01] [Server thread/INFO]: Loading properties
[08:53:01] [Server thread/INFO]: This server is running Paper version git-Paper-196 (MC: 1.20.1) (Implementing API version 1.20.1-R0.1-SNAPSHOT) (Git: 773dd72)
[08:53:02] [Server thread/INFO]: Server Ping Player Sample Count: 12
[08:53:02] [Server thread/INFO]: Using 4 threads for Netty based IO
[08:53:02] [Server thread/INFO]: [ChunkTaskScheduler] Chunk system is using 1 I/O threads, 1 worker threads, and gen parallelism of 1 threads
[08:53:02] [Server thread/WARN]: [!] The timings profiler has been enabled but has been scheduled for removal from Paper in the future.
    We recommend installing the spark profiler as a replacement: https://spark.lucko.me/
    For more information please visit: https://github.com/PaperMC/Paper/issues/8948
[08:53:02] [Server thread/INFO]: Default game type: SURVIVAL
[08:53:02] [Server thread/INFO]: Generating keypair
[08:53:03] [Server thread/INFO]: Starting Minecraft server on *:25565
[08:53:03] [Server thread/INFO]: Using epoll channel type
[08:53:03] [Server thread/INFO]: Paper: Using libdeflate (Linux x86_64) compression from Velocity.
[08:53:03] [Server thread/INFO]: Paper: Using OpenSSL 1.1.x (Linux x86_64) cipher from Velocity.
[08:53:03] [Server thread/WARN]: **** SERVER IS RUNNING IN OFFLINE/INSECURE MODE!
[08:53:03] [Server thread/WARN]: The server will make no attempt to authenticate usernames. Beware.
[08:53:03] [Server thread/WARN]: While this makes the game possible to play without internet access, it also opens up the ability for hackers to connect with any username they choose.
[08:53:03] [Server thread/WARN]: To change this, set "online-mode" to "true" in the server.properties file.
[08:53:03] [Server thread/INFO]: Preparing level "world"
[08:53:12] [Server thread/INFO]: Preparing start region for dimension minecraft:overworld
[08:53:13] [Server thread/INFO]: Time elapsed: 111 ms
[08:53:13] [Server thread/INFO]: Preparing start region for dimension minecraft:the_nether
[08:53:13] [Server thread/INFO]: Time elapsed: 91 ms
[08:53:13] [Server thread/INFO]: Preparing start region for dimension minecraft:the_end
[08:53:13] [Server thread/INFO]: Time elapsed: 69 ms
[08:53:13] [Server thread/INFO]: Running delayed init tasks
[08:53:13] [Server thread/INFO]: Done (11.520s)! For help, type "help"
[08:53:13] [Server thread/INFO]: Timings Reset
